# JRE version: OpenJDK Runtime Environment Temurin-21.0.10+7 (21.0.10+7) (build 21.0.10+7-LTS)
# Java VM: OpenJDK 64-Bit Server VM Temurin-21.0.10+7 (21.0.10+7-LTS, mixed mode, sharing, tiered, compressed oops, compressed class ptrs, parallel gc, windows-amd64)
GC Precious Log:
 CardTable entry size: 512
 CPUs: 20 total, 20 available
 Memory: 16108M
 Large Page Support: Disabled
 NUMA Support: Disabled
 Compressed Oops: Enabled (32-bit)
 Alignments: Space 512K, Generation 512K, Heap 2M
 Heap Min Capacity: 100M
 Heap Initial Capacity: 100M
 Heap Max Capacity: 2G
 Pre-touch: Disabled
 Parallel Workers: 15
Heap:
 PSYoungGen      total 19968K, used 5660K [0x00000000d5580000, 0x00000000d6d80000, 0x0000000100000000)
  eden space 15872K, 11% used [0x00000000d5580000,0x00000000d5742498,0x00000000d6500000)
  from space 4096K, 94% used [0x00000000d6980000,0x00000000d6d44d10,0x00000000d6d80000)
  to   space 4096K, 0% used [0x00000000d6580000,0x00000000d6580000,0x00000000d6980000)
 ParOldGen       total 94720K, used 58663K [0x0000000080000000, 0x0000000085c80000, 0x00000000d5580000)
  object space 94720K, 61% used [0x0000000080000000,0x0000000083949c90,0x0000000085c80000)
 Metaspace       used 63933K, committed 65472K, reserved 1114112K
  class space    used 6759K, committed 7424K, reserved 1048576K
GC Heap History (20 events):
Event: 9.492 GC heap before
{Heap before GC invocations=62 (full 2):
 PSYoungGen      total 17920K, used 17914K [0x00000000d5580000, 0x00000000d6900000, 0x0000000100000000)
  eden space 16896K, 100% used [0x00000000d5580000,0x00000000d6600000,0x00000000d6600000)
  from space 1024K, 99% used [0x00000000d6600000,0x00000000d66fe8e8,0x00000000d6700000)
  to   space 1536K, 0% used [0x00000000d6780000,0x00000000d6780000,0x00000000d6900000)
 ParOldGen       total 94208K, used 93337K [0x0000000080000000, 0x0000000085c00000, 0x00000000d5580000)
  object space 94208K, 99% used [0x0000000080000000,0x0000000085b26418,0x0000000085c00000)
 Metaspace       used 57816K, committed 59264K, reserved 1114112K
  class space    used 6158K, committed 6720K, reserved 1048576K
}
Event: 9.494 GC heap after
{Heap after GC invocations=62 (full 2):
 PSYoungGen      total 17920K, used 576K [0x00000000d5580000, 0x00000000d6880000, 0x0000000100000000)
  eden space 16896K, 0% used [0x00000000d5580000,0x00000000d5580000,0x00000000d6600000)
  from space 1024K, 56% used [0x00000000d6780000,0x00000000d6810020,0x00000000d6880000)
  to   space 1024K, 0% used [0x00000000d6600000,0x00000000d6600000,0x00000000d6700000)
 ParOldGen       total 94208K, used 94073K [0x0000000080000000, 0x0000000085c00000, 0x00000000d5580000)
  object space 94208K, 99% used [0x0000000080000000,0x0000000085bde408,0x0000000085c00000)
 Metaspace       used 57816K, committed 59264K, reserved 1114112K
  class space    used 6158K, committed 6720K, reserved 1048576K
}
Event: 9.641 GC heap before
{Heap before GC invocations=63 (full 2):
 PSYoungGen      total 17920K, used 5443K [0x00000000d5580000, 0x00000000d6880000, 0x0000000100000000)
  eden space 16896K, 28% used [0x00000000d5580000,0x00000000d5a40cc0,0x00000000d6600000)
  from space 1024K, 56% used [0x00000000d6780000,0x00000000d6810020,0x00000000d6880000)
  to   space 1024K, 0% used [0x00000000d6600000,0x00000000d6600000,0x00000000d6700000)
 ParOldGen       total 94208K, used 94073K [0x0000000080000000, 0x0000000085c00000, 0x00000000d5580000)
  object space 94208K, 99% used [0x0000000080000000,0x0000000085bde408,0x0000000085c00000)
 Metaspace       used 58295K, committed 59776K, reserved 1114112K
  class space    used 6187K, committed 6784K, reserved 1048576K
}
Event: 9.642 GC heap after
{Heap after GC invocations=63 (full 2):
 PSYoungGen      total 17920K, used 512K [0x00000000d5580000, 0x00000000d6800000, 0x0000000100000000)
  eden space 16896K, 0% used [0x00000000d5580000,0x00000000d5580000,0x00000000d6600000)
  from space 1024K, 50% used [0x00000000d6600000,0x00000000d6680010,0x00000000d6700000)
  to   space 1024K, 0% used [0x00000000d6700000,0x00000000d6700000,0x00000000d6800000)
 ParOldGen       total 94720K, used 94373K [0x0000000080000000, 0x0000000085c80000, 0x00000000d5580000)
  object space 94720K, 99% used [0x0000000080000000,0x0000000085c29628,0x0000000085c80000)
 Metaspace       used 58295K, committed 59776K, reserved 1114112K
  class space    used 6187K, committed 6784K, reserved 1048576K
}
Event: 9.642 GC heap before
{Heap before GC invocations=64 (full 3):
 PSYoungGen      total 17920K, used 512K [0x00000000d5580000, 0x00000000d6800000, 0x0000000100000000)
  eden space 16896K, 0% used [0x00000000d5580000,0x00000000d5580000,0x00000000d6600000)
  from space 1024K, 50% used [0x00000000d6600000,0x00000000d6680010,0x00000000d6700000)
  to   space 1024K, 0% used [0x00000000d6700000,0x00000000d6700000,0x00000000d6800000)
 ParOldGen       total 94720K, used 94373K [0x0000000080000000, 0x0000000085c80000, 0x00000000d5580000)
  object space 94720K, 99% used [0x0000000080000000,0x0000000085c29628,0x0000000085c80000)
 Metaspace       used 58295K, committed 59776K, reserved 1114112K
  class space    used 6187K, committed 6784K, reserved 1048576K
}
Event: 9.717 GC heap after
{Heap after GC invocations=64 (full 3):
 PSYoungGen      total 17920K, used 0K [0x00000000d5580000, 0x00000000d6800000, 0x0000000100000000)
  eden space 16896K, 0% used [0x00000000d5580000,0x00000000d5580000,0x00000000d6600000)
  from space 1024K, 0% used [0x00000000d6600000,0x00000000d6600000,0x00000000d6700000)
  to   space 1024K, 0% used [0x00000000d6700000,0x00000000d6700000,0x00000000d6800000)
 ParOldGen       total 94720K, used 53036K [0x0000000080000000, 0x0000000085c80000, 0x00000000d5580000)
  object space 94720K, 55% used [0x0000000080000000,0x00000000833cb3b0,0x0000000085c80000)
 Metaspace       used 58288K, committed 59776K, reserved 1114112K
  class space    used 6185K, committed 6784K, reserved 1048576K
}
Event: 10.114 GC heap before
{Heap before GC invocations=65 (full 3):
 PSYoungGen      total 17920K, used 16896K [0x00000000d5580000, 0x00000000d6800000, 0x0000000100000000)
  eden space 16896K, 100% used [0x00000000d5580000,0x00000000d6600000,0x00000000d6600000)
  from space 1024K, 0% used [0x00000000d6600000,0x00000000d6600000,0x00000000d6700000)
  to   space 1024K, 0% used [0x00000000d6700000,0x00000000d6700000,0x00000000d6800000)
 ParOldGen       total 94720K, used 53039K [0x0000000080000000, 0x0000000085c80000, 0x00000000d5580000)
  object space 94720K, 55% used [0x0000000080000000,0x00000000833cbf28,0x0000000085c80000)
 Metaspace       used 58982K, committed 60416K, reserved 1114112K
  class space    used 6277K, committed 6848K, reserved 1048576K
}
Event: 10.115 GC heap after
{Heap after GC invocations=65 (full 3):
 PSYoungGen      total 17408K, used 480K [0x00000000d5580000, 0x00000000d6780000, 0x0000000100000000)
  eden space 16896K, 0% used [0x00000000d5580000,0x00000000d5580000,0x00000000d6600000)
  from space 512K, 93% used [0x00000000d6700000,0x00000000d6778000,0x00000000d6780000)
  to   space 512K, 0% used [0x00000000d6680000,0x00000000d6680000,0x00000000d6700000)
 ParOldGen       total 94720K, used 53047K [0x0000000080000000, 0x0000000085c80000, 0x00000000d5580000)
  object space 94720K, 56% used [0x0000000080000000,0x00000000833cdf28,0x0000000085c80000)
 Metaspace       used 58982K, committed 60416K, reserved 1114112K
  class space    used 6277K, committed 6848K, reserved 1048576K
}
Event: 10.548 GC heap before
{Heap before GC invocations=66 (full 3):
 PSYoungGen      total 17408K, used 17211K [0x00000000d5580000, 0x00000000d6780000, 0x0000000100000000)
  eden space 16896K, 99% used [0x00000000d5580000,0x00000000d65d6c58,0x00000000d6600000)
  from space 512K, 93% used [0x00000000d6700000,0x00000000d6778000,0x00000000d6780000)
  to   space 512K, 0% used [0x00000000d6680000,0x00000000d6680000,0x00000000d6700000)
 ParOldGen       total 94720K, used 53047K [0x0000000080000000, 0x0000000085c80000, 0x00000000d5580000)
  object space 94720K, 56% used [0x0000000080000000,0x00000000833cdf28,0x0000000085c80000)
 Metaspace       used 60636K, committed 62144K, reserved 1114112K
  class space    used 6459K, committed 7040K, reserved 1048576K
}
Event: 10.550 GC heap after
{Heap after GC invocations=66 (full 3):
 PSYoungGen      total 17408K, used 502K [0x00000000d5580000, 0x00000000d6900000, 0x0000000100000000)
  eden space 16896K, 0% used [0x00000000d5580000,0x00000000d5580000,0x00000000d6600000)
  from space 512K, 98% used [0x00000000d6680000,0x00000000d66fdb28,0x00000000d6700000)
  to   space 1536K, 0% used [0x00000000d6780000,0x00000000d6780000,0x00000000d6900000)
 ParOldGen       total 94720K, used 53661K [0x0000000080000000, 0x0000000085c80000, 0x00000000d5580000)
  object space 94720K, 56% used [0x0000000080000000,0x00000000834675b0,0x0000000085c80000)
 Metaspace       used 60636K, committed 62144K, reserved 1114112K
  class space    used 6459K, committed 7040K, reserved 1048576K
}
Event: 10.584 GC heap before
{Heap before GC invocations=67 (full 3):
 PSYoungGen      total 17408K, used 17398K [0x00000000d5580000, 0x00000000d6900000, 0x0000000100000000)
  eden space 16896K, 100% used [0x00000000d5580000,0x00000000d6600000,0x00000000d6600000)
  from space 512K, 98% used [0x00000000d6680000,0x00000000d66fdb28,0x00000000d6700000)
  to   space 1536K, 0% used [0x00000000d6780000,0x00000000d6780000,0x00000000d6900000)
 ParOldGen       total 94720K, used 53661K [0x0000000080000000, 0x0000000085c80000, 0x00000000d5580000)
  object space 94720K, 56% used [0x0000000080000000,0x00000000834675b0,0x0000000085c80000)
 Metaspace       used 60661K, committed 62144K, reserved 1114112K
  class space    used 6459K, committed 7040K, reserved 1048576K
}
Event: 10.585 GC heap after
{Heap after GC invocations=67 (full 3):
 PSYoungGen      total 17408K, used 1519K [0x00000000d5580000, 0x00000000d6b00000, 0x0000000100000000)
  eden space 15872K, 0% used [0x00000000d5580000,0x00000000d5580000,0x00000000d6500000)
  from space 1536K, 98% used [0x00000000d6780000,0x00000000d68fbc38,0x00000000d6900000)
  to   space 2560K, 0% used [0x00000000d6500000,0x00000000d6500000,0x00000000d6780000)
 ParOldGen       total 94720K, used 54407K [0x0000000080000000, 0x0000000085c80000, 0x00000000d5580000)
  object space 94720K, 57% used [0x0000000080000000,0x0000000083521d70,0x0000000085c80000)
 Metaspace       used 60661K, committed 62144K, reserved 1114112K
  class space    used 6459K, committed 7040K, reserved 1048576K
}
Event: 10.610 GC heap before
{Heap before GC invocations=68 (full 3):
 PSYoungGen      total 17408K, used 17391K [0x00000000d5580000, 0x00000000d6b00000, 0x0000000100000000)
  eden space 15872K, 100% used [0x00000000d5580000,0x00000000d6500000,0x00000000d6500000)
  from space 1536K, 98% used [0x00000000d6780000,0x00000000d68fbc38,0x00000000d6900000)
  to   space 2560K, 0% used [0x00000000d6500000,0x00000000d6500000,0x00000000d6780000)
 ParOldGen       total 94720K, used 54407K [0x0000000080000000, 0x0000000085c80000, 0x00000000d5580000)
  object space 94720K, 57% used [0x0000000080000000,0x0000000083521d70,0x0000000085c80000)
 Metaspace       used 60668K, committed 62144K, reserved 1114112K
  class space    used 6459K, committed 7040K, reserved 1048576K
}
Event: 10.611 GC heap after
{Heap after GC invocations=68 (full 3):
 PSYoungGen      total 17408K, used 1465K [0x00000000d5580000, 0x00000000d6900000, 0x0000000100000000)
  eden space 15872K, 0% used [0x00000000d5580000,0x00000000d5580000,0x00000000d6500000)
  from space 1536K, 95% used [0x00000000d6500000,0x00000000d666e738,0x00000000d6680000)
  to   space 2048K, 0% used [0x00000000d6700000,0x00000000d6700000,0x00000000d6900000)
 ParOldGen       total 94720K, used 54678K [0x0000000080000000, 0x0000000085c80000, 0x00000000d5580000)
  object space 94720K, 57% used [0x0000000080000000,0x0000000083565898,0x0000000085c80000)
 Metaspace       used 60668K, committed 62144K, reserved 1114112K
  class space    used 6459K, committed 7040K, reserved 1048576K
}
Event: 31.258 GC heap before
{Heap before GC invocations=69 (full 3):
 PSYoungGen      total 17408K, used 17337K [0x00000000d5580000, 0x00000000d6900000, 0x0000000100000000)
  eden space 15872K, 100% used [0x00000000d5580000,0x00000000d6500000,0x00000000d6500000)
  from space 1536K, 95% used [0x00000000d6500000,0x00000000d666e738,0x00000000d6680000)
  to   space 2048K, 0% used [0x00000000d6700000,0x00000000d6700000,0x00000000d6900000)
 ParOldGen       total 94720K, used 54678K [0x0000000080000000, 0x0000000085c80000, 0x00000000d5580000)
  object space 94720K, 57% used [0x0000000080000000,0x0000000083565898,0x0000000085c80000)
 Metaspace       used 62346K, committed 63872K, reserved 1114112K
  class space    used 6617K, committed 7232K, reserved 1048576K
}
Event: 31.258 GC heap after
{Heap after GC invocations=69 (full 3):
 PSYoungGen      total 17408K, used 1280K [0x00000000d5580000, 0x00000000d6880000, 0x0000000100000000)
  eden space 15872K, 0% used [0x00000000d5580000,0x00000000d5580000,0x00000000d6500000)
  from space 1536K, 83% used [0x00000000d6700000,0x00000000d6840020,0x00000000d6880000)
  to   space 1536K, 0% used [0x00000000d6500000,0x00000000d6500000,0x00000000d6680000)
 ParOldGen       total 94720K, used 54702K [0x0000000080000000, 0x0000000085c80000, 0x00000000d5580000)
  object space 94720K, 57% used [0x0000000080000000,0x000000008356b898,0x0000000085c80000)
 Metaspace       used 62346K, committed 63872K, reserved 1114112K
  class space    used 6617K, committed 7232K, reserved 1048576K
}
Event: 308.242 GC heap before
{Heap before GC invocations=70 (full 3):
 PSYoungGen      total 17408K, used 17152K [0x00000000d5580000, 0x00000000d6880000, 0x0000000100000000)
  eden space 15872K, 100% used [0x00000000d5580000,0x00000000d6500000,0x00000000d6500000)
  from space 1536K, 83% used [0x00000000d6700000,0x00000000d6840020,0x00000000d6880000)
  to   space 1536K, 0% used [0x00000000d6500000,0x00000000d6500000,0x00000000d6680000)
 ParOldGen       total 94720K, used 54702K [0x0000000080000000, 0x0000000085c80000, 0x00000000d5580000)
  object space 94720K, 57% used [0x0000000080000000,0x000000008356b898,0x0000000085c80000)
 Metaspace       used 63010K, committed 64576K, reserved 1114112K
  class space    used 6681K, committed 7360K, reserved 1048576K
}
Event: 308.243 GC heap after
{Heap after GC invocations=70 (full 3):
 PSYoungGen      total 17408K, used 1521K [0x00000000d5580000, 0x00000000d6e00000, 0x0000000100000000)
  eden space 15872K, 0% used [0x00000000d5580000,0x00000000d5580000,0x00000000d6500000)
  from space 1536K, 99% used [0x00000000d6500000,0x00000000d667c470,0x00000000d6680000)
  to   space 4608K, 0% used [0x00000000d6980000,0x00000000d6980000,0x00000000d6e00000)
 ParOldGen       total 94720K, used 57134K [0x0000000080000000, 0x0000000085c80000, 0x00000000d5580000)
  object space 94720K, 60% used [0x0000000080000000,0x00000000837cbb78,0x0000000085c80000)
 Metaspace       used 63010K, committed 64576K, reserved 1114112K
  class space    used 6681K, committed 7360K, reserved 1048576K
}
Event: 308.393 GC heap before
{Heap before GC invocations=71 (full 3):
 PSYoungGen      total 17408K, used 17393K [0x00000000d5580000, 0x00000000d6e00000, 0x0000000100000000)
  eden space 15872K, 100% used [0x00000000d5580000,0x00000000d6500000,0x00000000d6500000)
  from space 1536K, 99% used [0x00000000d6500000,0x00000000d667c470,0x00000000d6680000)
  to   space 4608K, 0% used [0x00000000d6980000,0x00000000d6980000,0x00000000d6e00000)
 ParOldGen       total 94720K, used 57134K [0x0000000080000000, 0x0000000085c80000, 0x00000000d5580000)
  object space 94720K, 60% used [0x0000000080000000,0x00000000837cbb78,0x0000000085c80000)
 Metaspace       used 63778K, committed 65344K, reserved 1114112K
  class space    used 6756K, committed 7424K, reserved 1048576K
}
Event: 308.395 GC heap after
{Heap after GC invocations=71 (full 3):
 PSYoungGen      total 19968K, used 3859K [0x00000000d5580000, 0x00000000d6d80000, 0x0000000100000000)
  eden space 15872K, 0% used [0x00000000d5580000,0x00000000d5580000,0x00000000d6500000)
  from space 4096K, 94% used [0x00000000d6980000,0x00000000d6d44d10,0x00000000d6d80000)
  to   space 4096K, 0% used [0x00000000d6580000,0x00000000d6580000,0x00000000d6980000)
 ParOldGen       total 94720K, used 58663K [0x0000000080000000, 0x0000000085c80000, 0x00000000d5580000)
  object space 94720K, 61% used [0x0000000080000000,0x0000000083949c90,0x0000000085c80000)
 Metaspace       used 63778K, committed 65344K, reserved 1114112K
  class space    used 6756K, committed 7424K, reserved 1048576K
}

